JSCompiler_alias_TRUE:j
goog$events$handleBrowserEvent_:ka
opt_object$$inline_79:ta
JSCompiler_StaticMethods_serialize_:U
goog$isArrayLike:s
JSCompiler_alias_FALSE:o
goog$userAgent$isVersionCache_:B
goog$debug$Error:H
goog$events$Listener$counter_:ia
goog$events$listeners_:P
goog$events$Event:M
L 0:a
goog$events$listenerTree_:Q
L 1:b
L 2:c
L 3:d
goog$isString:t
goog$events$BrowserEvent:N
bot$inject$cache$addElement:pa
goog$events$listen:T
L 9:l
L 8:m
bot$ErrorCode$SUCCESS:E
L 7:i
L 6:g
L 5:e
L 4:f
goog$userAgent$isVersion:C
goog$object$filter:da
goog$events$Listener:O
JSCompiler_prototypeAlias:p
goog$now:x
goog$object$map:D
goog$array$map:J
bot$inject$unwrapValue_:X
goog$userAgent$VERSION:z
goog$isObject:aa
goog$UID_PROPERTY_:u
goog$asserts$assert:ga
arr$$inline_5:A
goog$json$Serializer$charsToReplace_:oa
JSCompiler_alias_VOID:h
parts$$inline_80:Y
goog$asserts$AssertionError:I
goog$events$onStringMap_:S
goog$Disposable:K
goog$string$subs:ba
JSCompiler_alias_NULL:k
bot$inject$cache$getElement:qa
goog$uidCounter_:v
goog$inherits:y
goog$global:q
L 13:va
L 14:wa
L 11:ua
bot$Error$NAMES_:G
L 12:ea
bot$inject$executeAsyncScript:ra
L 10:n
goog$array$ARRAY_PROTOTYPE_:ha
goog$partial:w
goog$disposeAll:L
goog$events$getProxy:ja
cur$$inline_81:Z
L 15:xa
L 16:ya
bot$Error:F
JSCompiler_StaticMethods_serializeString_:na
part$$inline_82:$
goog$typeOf:r
version$$inline_4:ca
goog$events$unlistenByKey:la
goog$object$findKey:fa
bot$inject$wrapValue:W
goog$json$Serializer$charToJsonCharCache_:V
bot$inject$cache$getCache_:sa
goog$events$sources_:R
goog$json$Serializer:ma
