goog$dom$contains:F
goog$dom$AbstractRange$getBrowserSelectionForWindow:Uc
goog$isArrayLike:ba
goog$dom$findCommonAncestor:gb
goog$debug$fnNameCache_:Jc
goog$dom$isNodeList:bb
goog$array$some:Na
goog$debug$getStacktraceHelper_:Hc
goog$userAgent$product$detectedCamino_:pb
goog$dom$findNodes_:ib
goog$debug$LogManager$rootLogger_:Rc
goog$isDef:t
bot$events$EventFactory_:Q
JSCompiler_StaticMethods_getBrowserRangeWrapper_:Y
goog$userAgent$detectedWindows_:ta
bot$userAgent$ANDROID_VERSION_:Ib
goog$string$uniqueStringCounter_:pa
goog$iter$StopIteration:K
goog$dom$browserrange$WebKitRange:X
goog$string$trim:ha
goog$dom$removeNode:cb
bot$events$EventType$MOUSEPIXELSCROLL:kc
goog$style$getStyle_:Mb
goog$debug$LogRecord$nextSequenceNumber_:Lc
bot$events$EventType$MOUSEOVER:wc
re$$inline_63:J
goog$dom$findNode:hb
goog$userAgent$product$detectedIphone_:qb
bot$dom$getOpacityNonIE_:dc
JSCompiler_get:n
JSCompiler_StaticMethods_setPosition:N
goog$UID_PROPERTY_:da
goog$style$getOffsetParent:Nb
bot$events$fire:ic
bot$events$EventType$MOUSEWHEEL:lc
goog$math$Vec2:zd
goog$debug$LogRecord:Kc
JSCompiler_StaticMethods_getEndpointNode_:id
arr$$inline_65:Eb
goog$dom$AbstractMultiRange:Yc
bot$events$EventType$CHANGE:pc
goog$string$toCamelCase:ra
bot$Error$NAMES_:Fa
JSCompiler_returnArg:o
bot$Keyboard$CHAR_TO_KEY_:Ec
goog$string$quotRe_:na
goog$dom$Range$isReversed:dd
bot$window_:Ca
bot$dom$getProperty:Sb
match$$inline_68:Hb
goog$dom$TAGS_TO_IGNORE_:jb
goog$dom$ControlRange:od
goog$typeOf:aa
version$$inline_26:za
goog$dom$browserrange$IeRange:fd
cur$$inline_308:$
goog$dom$classes$add:Ua
bot$events$EventType$KEYPRESS:nc
goog$dom$DomHelper:Xa
goog$userAgent$product$detectedAndroid_:sb
goog$dom$browserrange$GeckoRange:ed
buttonValueMap$$inline_222:Z
goog$dom$setProperties:Ya
parts$$inline_307:Cd
bot$dom$BOOLEAN_ATTRIBUTES_:Tb
goog$array$every:Oa
goog$string$amperRe_:ka
bot$Device:P
bot$events$EventType$DBLCLICK:sc
goog$dom$AbstractRange:U
bot$Keyboard$newKey_:S
JSCompiler_prototypeAlias:p
goog$debug$Logger:T
goog$dom$NodeIterator:Kb
goog$userAgent$VERSION:ya
goog$isObject:ca
bot$dom$isShown:cc
bot$Keyboard:Dc
JSCompiler_alias_VOID:h
bot$events$EventType$MOUSEOUT:vc
goog$asserts$AssertionError:Ha
JSCompiler_alias_NULL:k
bot$events$EventType$CONTEXTMENU:rc
goog$array$find:Pa
goog$userAgent$product$CHROME:zb
bot$events$EventType$MOUSEUP:xc
goog$structs$Set$getKey_:Cc
goog$uidCounter_:ea
JSCompiler_StaticMethods_setElement:ec
arr$$inline_27:Aa
L 13:Fd
L 14:Gd
bot$Touchscreen:yd
L 11:v
goog$dom$ControlRangeIterator:qd
L 12:w
goog$userAgent$product$IPAD:xb
JSCompiler_StaticMethods_getSortedElements:pd
L 10:G
goog$userAgent$detectedMac_:sa
goog$structs$Map:zc
L 15:Dd
goog$dom$DIRECT_ATTRIBUTE_MAP_:Za
bot$locators$xpath:H
bot$dom$isTextual:Xb
version$$inline_62:Cb
bot$dom$PROPERTY_ALIASES_:Qb
goog$userAgent$product$ANDROID:yb
JSCompiler_inline_result$$67:Gb
goog$dom$compareNodeOrder:db
goog$array$clone:Ra
goog$dom$compareSiblingOrder_:eb
JSCompiler_StaticMethods_getElements:md
goog$dom$RangeIterator:V
goog$dom$SavedRange:Tc
JSCompiler_alias_THROW:g
goog$string$allRe_:ja
bot$events$EventType$MOUSEDOWN:tc
JSCompiler_alias_FALSE:m
goog$dom$getAncestor:mb
goog$debug$Error:Ga
goog$dom$MultiRangeIterator:ud
combine$$inline_64:Db
goog$userAgent$product$VERSION:Bb
JSCompiler_StaticMethods_getSortedRanges:td
bot$events$EventType$MOUSEMOVE:uc
L 0:a
L 1:b
L 2:c
L 3:d
goog$isString:u
goog$userAgent$product$SAFARI:Ab
goog$array$forEach:La
goog$dom$getOwnerDocument:E
part$$inline_309:Ed
L 9:s
L 8:r
goog$dom$TagIterator:M
bot$dom$BOOLEAN_PROPERTIES_:Rb
L 7:l
L 6:j
L 5:e
bot$Keyboard$Key:Fc
L 4:f
goog$dom$append_:ab
JSCompiler_StaticMethods_getKeys:Ac
bot$action$LegacyDevice_:Ad
JSCompiler_StaticMethods_getTextRanges:Vc
goog$userAgent$product$detectedChrome_:tb
opt_object$$inline_306:Bd
goog$iter$toIterator:Jb
goog$dom$DomSavedMultiRange_:vd
bot$events$BROKEN_TOUCH_API_:jc
goog$style$getClientPosition:Ob
goog$asserts$assert:Ia
bot$events$EventType$TOUCHSTART:gc
goog$dom$browserrange$W3cRange:ad
goog$dom$DomSavedTextRange_:nd
goog$dom$browserrange$AbstractRange:$c
goog$string$subs:ga
bot$dom$getParentElement:Zb
goog$inherits:y
goog$debug$Logger$Level$CONFIG:Oc
bot$events$EventType$TOUCHMOVE:hc
goog$string$htmlEscape:ia
goog$object$getValues:Ea
goog$dom$Range$createFromBrowserSelection:bd
goog$debug$getStacktrace:Gc
JSCompiler_StaticMethods_fireMouseEvent_:xd
goog$userAgent$getUserAgentString:ua
JSCompiler_StaticMethods_getOffset_:jd
goog$debug$getFunctionName:Ic
navigator$$inline_23:wa
goog$debug$Logger$Level$WARNING:Nc
goog$style$getSizeWithDisplay_:Pb
bot$dom$getCascadedStyle_:ac
bot$Mouse:wd
bot$Error:z
goog$object$forEach:Da
bot$dom$TEXTUAL_INPUT_TYPES_:Wb
goog$dom$PREDEFINED_TAG_VALUES_:kb
goog$dom$getDomHelper:Wa
JSCompiler_StaticMethods_fireTouchEvent:fc
goog$dom$browserrange$canContainRangeEndpoint:W
goog$dom$browserrange$OperaRange:ld
bot$dom$isElement:O
bot$events$KeyboardEventFactory_:mc
goog$structs$Set:Bc
JSCompiler_alias_TRUE:i
bot$events$EventType$CLICK:qc
goog$userAgent$isVersionCache_:Ba
goog$dom$browserrange$IeRange$insertNode_:kd
goog$dom$NodeType$TEXT:D
ua$$inline_60:I
goog$dom$browserrange$WebKitRange$createFromNodeContents:Xc
goog$array$concat:Qa
goog$string$gtRe_:ma
goog$userAgent$product$detectedSafari_:ub
bot$dom$isEnabled:Vb
goog$debug$Logger$Level:Mc
goog$style$getComputedStyle:Lb
goog$dom$compareParentsDescendantNodeIe_:fb
goog$iter$Iterator:L
bot$userAgent$IOS:Fb
goog$userAgent$product$IPHONE:wb
goog$asserts$fail:Ja
bot$dom$getElementSize_:bc
goog$dom$TextRangeIterator:Zc
goog$structs$getValues:yc
goog$debug$LogManager$loggers_:Qc
goog$string$compareVersions:oa
goog$dom$TextRange:cd
goog$math$Coordinate:C
goog$dom$MultiRange:sd
goog$now:fa
goog$string$toCamelCaseCache_:qa
goog$dom$DomSavedControlRange_:rd
goog$array$map:Ma
goog$userAgent$product$detectedIpad_:rb
goog$dom$getTextContent_:lb
bot$dom$getEffectiveStyle:$b
JSCompiler_StaticMethods_findDeepestContainer_:hd
JSCompiler_StaticMethods_getEffectiveLevel:Pc
bot$events$MouseEventFactory_:R
bot$dom$isContentEditable:Yb
goog$dom$TextRange$createFromBrowserRangeWrapper_:Wc
goog$userAgent$product$detectedFirefox_:ob
goog$global:q
goog$array$ARRAY_PROTOTYPE_:Ka
goog$userAgent$LINUX:xa
JSCompiler_StaticMethods_getDocumentScroll:nb
bot$dom$DISABLED_ATTRIBUTE_SUPPORTED_:Ub
goog$userAgent$product$CAMINO:vb
goog$dom$browserrange$IeRange$getBrowserRangeForNode_:gd
goog$debug$LogManager$getLogger:Sc
goog$dom$defaultDomHelper_:Ta
goog$array$indexOf:B
goog$isFunction:x
bot$events$TouchEventFactory_:oc
goog$array$slice:Sa
goog$string$ltRe_:la
goog$dom$getWindow:$a
goog$array$peek:A
goog$math$Size:Va
goog$userAgent$PLATFORM:va
