getStartNode:b
surroundWithNodes:U
currentIdx_:W
single:Ia
elements_:m
endOffset_:h
element_:p
isPressed:Y
browserRanges_:u
getDocument:fa
select_:J
compareBrowserRangeEndpoints:l
startCaretId_:Ja
pressed_:Ha
exception_:pa
range_:a
checkElement_:la
isLast:P
getContainer:C
parent_:Z
setLevel:va
level_:Q
addAll:ba
isReversed_:H
touchIdentifier_:xa
startNode_:f
exceptionText_:oa
createDom:ea
logger_:Ea
getInstance:Ba
buttonPressed_:ka
startOffset_:i
endCaretId_:Aa
many:Ma
node:q
getEndOffset:k
gecko:e
getBrowserRangeObject:X
containsRange:v
DEFAULT_RESOLVER_:ya
clientXY2_:da
getBrowserEvent:qa
iterators_:I
bubbles_:M
type_:D
started_:ia
line:La
hasEverInteracted_:ta
clearCachedValues_:t
name_:Ga
superClass_:aa
__iterator__:s
parentNode_:R
getType:ga
saveUsingDom:ha
numericKeyMap_:ua
getElement:z
cancelable_:N
children_:ca
browserRangeWrapper_:L
instance_:Da
reversed:o
getValues:O
getTextRange:A
getStartOffset:j
sortedRanges_:K
map_:n
ieWebkit:c
ranges_:S
msg_:Fa
svg:Na
evaluate_:na
sortedElements_:T
clientXY_:B
touchIdentifier2_:wa
isTrusted:Ka
getEndNode:g
constrained:za
handlers_:sa
version_:ja
endNode_:d
getWindow:ra
selectInternal:$
tagType:r
getTextRangeCount:F
dom_:ma
document_:w
container_:V
getLogRecord:Ca
isReversed:G
