opt_object$$inline_79:U
goog$userAgent$isVersionCache_:w
goog$isArrayLike:m
JSCompiler_StaticMethods_serialize_:K
goog$debug$Error:E
goog$events$Event:H
L 0:a
L 1:b
L 2:c
L 3:d
goog$events$BrowserEvent:I
bot$inject$cache$addElement:P
L 9:i
L 8:S
L 7:o
L 6:v
L 5:f
L 4:e
goog$userAgent$isVersion:x
goog$object$filter:z
JSCompiler_prototypeAlias:k
goog$now:p
goog$object$map:A
goog$array$map:G
goog$userAgent$VERSION:s
bot$inject$unwrapValue_:Q
goog$isObject:n
arr$$inline_6:u
JSCompiler_alias_VOID:g
goog$json$Serializer$charsToReplace_:N
goog$asserts$AssertionError:F
parts$$inline_80:V
goog$string$subs:r
JSCompiler_alias_NULL:h
bot$inject$cache$getElement:R
goog$inherits:q
bot$Error$NAMES_:D
L 10:j
cur$$inline_81:W
bot$window_:y
bot$Error:C
JSCompiler_StaticMethods_serializeString_:L
part$$inline_82:X
version$$inline_5:t
goog$typeOf:l
goog$object$findKey:B
goog$json$Serializer$charToJsonCharCache_:M
bot$inject$wrapValue:O
bot$inject$cache$getCache_:T
goog$json$Serializer:J
