goog$dom$contains:E
JSCompiler_alias_FALSE:m
goog$dom$getAncestor:ra
goog$debug$Error:v
goog$array$some:ma
goog$userAgent$product$detectedCamino_:ta
goog$dom$findNodes_:qa
goog$array$filter:w
L 0:a
L 1:b
L 2:c
L 3:d
goog$isString:o
goog$userAgent$product$SAFARI:Ea
bot$dom$appendVisibleTextLinesFromElement_:Wa
goog$array$forEach:la
goog$dom$getOwnerDocument:D
arr$$inline_1:ha
goog$iter$StopIteration:Ga
L 9:Oa
goog$dom$TagIterator:O
L 8:G
L 7:h
L 6:i
L 5:e
L 4:f
ua$$inline_35:J
goog$string$trim:r
goog$userAgent$product$detectedChrome_:xa
goog$style$getStyle_:Q
goog$dom$findNode:pa
bot$dom$getOpacityNonIE_:Ta
goog$userAgent$product$detectedIphone_:ua
JSCompiler_StaticMethods_setPosition:P
goog$style$getClientPosition:La
goog$style$getOffsetParent:Ka
bot$dom$getVisibleText:Va
goog$string$subs:ca
bot$dom$INLINE_DISPLAY_BOXES_:Xa
bot$dom$getParentElement:T
goog$inherits:q
goog$string$toCamelCase:ea
bot$Error$NAMES_:Fa
bot$dom$trimExcludingNonBreakingSpaceCharacters_:Ua
JSCompiler_StaticMethods_getElementsByTagNameAndClass:F
goog$userAgent$getUserAgentString:s
bot$window_:ja
cur$$inline_88:Z
goog$style$getSizeWithDisplay_:Ma
bot$dom$getCascadedStyle_:Ra
bot$Error:M
goog$array$contains:y
part$$inline_89:$
version$$inline_0:ga
goog$dom$getDomHelper:B
goog$typeOf:aa
bot$dom$isElement:R
JSCompiler_alias_TRUE:k
goog$dom$DomHelper:C
goog$userAgent$product$detectedAndroid_:wa
goog$userAgent$isVersionCache_:ia
bot$locators$partialLinkText:X
goog$dom$NodeType$TEXT:oa
goog$userAgent$product$detectedSafari_:ya
bot$dom$BOOLEAN_ATTRIBUTES_:Na
goog$style$getComputedStyle:Ja
re$$inline_38:K
bot$locators$tagName:Za
bot$locators$STRATEGIES_:$a
goog$iter$Iterator:Ha
parts$$inline_87:Y
opt_object$$inline_86:ab
goog$userAgent$product$IPHONE:Aa
bot$dom$getElementSize_:Sa
bot$dom$getAttribute:S
goog$math$Coordinate:z
goog$string$endsWith:ba
goog$string$toCamelCaseCache_:da
goog$dom$NodeIterator:Ia
goog$userAgent$VERSION:fa
goog$userAgent$product$detectedIpad_:va
bot$dom$isShown:V
JSCompiler_alias_VOID:j
bot$dom$getEffectiveStyle:U
goog$asserts$AssertionError:ka
JSCompiler_alias_NULL:l
goog$array$find:x
goog$userAgent$product$CHROME:Da
goog$userAgent$product$detectedFirefox_:I
L 13:u
goog$global:n
L 11:Qa
L 12:t
goog$userAgent$product$IPAD:Ba
L 10:Pa
JSCompiler_StaticMethods_getDocumentScroll:sa
goog$userAgent$product$CAMINO:za
goog$dom$defaultDomHelper_:na
bot$locators$xpath:N
goog$isFunction:p
goog$userAgent$product$ANDROID:Ca
bot$locators$css:L
bot$locators$className:H
bot$dom$appendVisibleTextLinesFromTextNode_:Ya
bot$locators$linkText:W
goog$math$Size:A
JSCompiler_alias_THROW:g
