JSCompiler_alias_TRUE:e
goog$userAgent$product$detectedAndroid_:w
goog$asserts$AssertionError:r
JSCompiler_alias_FALSE:g
cur$$inline_37:Q
goog$debug$Error:q
goog$string$subs:k
JSCompiler_alias_NULL:f
opt_object$$inline_35:O
goog$userAgent$product$CHROME:E
goog$userAgent$product$detectedCamino_:t
goog$inherits:j
goog$userAgent$product$detectedFirefox_:s
goog$userAgent$product$detectedSafari_:y
goog$global:h
goog$string$toCamelCase:m
bot$Error$NAMES_:p
goog$userAgent$product$IPAD:C
ua$$inline_3:z
L 0:a
L 1:c
L 2:b
goog$userAgent$getUserAgentString:n
parts$$inline_36:P
L 3:d
goog$userAgent$product$SAFARI:F
goog$userAgent$product$CAMINO:A
goog$iter$Iterator:J
goog$iter$StopIteration:I
goog$dom$TagIterator:K
goog$userAgent$product$IPHONE:B
bot$dom$getCascadedStyle_:N
L 4:H
goog$userAgent$product$ANDROID:D
bot$Error:o
goog$userAgent$product$detectedChrome_:x
part$$inline_38:R
goog$dom$NodeIterator:M
goog$string$toCamelCaseCache_:l
goog$typeOf:i
re$$inline_6:G
goog$userAgent$product$detectedIphone_:u
JSCompiler_StaticMethods_setPosition:L
goog$userAgent$product$detectedIpad_:v
