JSCompiler_alias_TRUE:i
goog$dom$DomHelper:E
goog$userAgent$product$detectedAndroid_:J
goog$dom$getAncestor:ga
JSCompiler_alias_FALSE:k
goog$debug$Error:v
goog$array$some:ea
goog$dom$NodeType$TEXT:B
ua$$inline_25:M
goog$userAgent$product$detectedCamino_:G
goog$userAgent$product$detectedSafari_:L
goog$dom$findNodes_:D
bot$dom$BOOLEAN_ATTRIBUTES_:va
goog$style$getComputedStyle:ra
L 0:a
L 1:b
L 2:c
goog$isString:n
L 3:d
goog$userAgent$product$SAFARI:pa
bot$dom$appendVisibleTextLinesFromElement_:Aa
goog$array$forEach:da
goog$iter$Iterator:qa
parts$$inline_88:Y
goog$dom$getOwnerDocument:C
goog$iter$StopIteration:O
L 9:Ea
L 8:S
goog$dom$TagIterator:P
L 7:h
L 6:p
opt_object$$inline_87:Da
goog$userAgent$product$IPHONE:la
L 5:e
bot$dom$getElementSize_:xa
L 4:f
goog$userAgent$product$detectedChrome_:K
goog$math$Coordinate:z
goog$string$toCamelCaseCache_:r
goog$string$endsWith:q
goog$dom$NodeIterator:R
goog$style$getStyle_:T
goog$dom$findNode:fa
re$$inline_28:N
bot$dom$getOpacityNonIE_:ya
goog$userAgent$product$detectedIphone_:H
goog$userAgent$product$detectedIpad_:I
JSCompiler_StaticMethods_setPosition:Q
goog$style$getClientPosition:ta
goog$style$getOffsetParent:sa
bot$dom$isShown:X
bot$dom$getEffectiveStyle:W
JSCompiler_alias_VOID:g
goog$asserts$AssertionError:w
goog$string$subs:aa
JSCompiler_alias_NULL:j
goog$userAgent$product$CHROME:oa
bot$dom$INLINE_DISPLAY_BOXES_:Ba
bot$dom$getParentElement:V
goog$inherits:o
goog$userAgent$product$detectedFirefox_:F
goog$global:l
goog$string$toCamelCase:ba
bot$Error$NAMES_:u
goog$userAgent$product$IPAD:ma
bot$dom$trimExcludingNonBreakingSpaceCharacters_:za
bot$locators$xpath$single:ja
part$$inline_90:$
bot$locators$xpath$DEFAULT_RESOLVER_:ia
goog$userAgent$getUserAgentString:s
JSCompiler_StaticMethods_getDocumentScroll:ha
goog$userAgent$product$CAMINO:ka
bot$window_:ca
cur$$inline_89:Z
goog$dom$defaultDomHelper_:y
goog$style$getSizeWithDisplay_:ua
bot$dom$getCascadedStyle_:wa
goog$userAgent$product$ANDROID:na
bot$Error:t
goog$array$contains:x
bot$dom$appendVisibleTextLinesFromTextNode_:Ca
goog$typeOf:m
goog$math$Size:A
bot$dom$isElement:U
