JSCompiler_alias_TRUE:f
part$$inline_49:$
goog$userAgent$product$detectedAndroid_:z
JSCompiler_alias_FALSE:h
goog$debug$Error:p
goog$userAgent$product$detectedCamino_:w
goog$userAgent$product$detectedSafari_:B
bot$dom$BOOLEAN_ATTRIBUTES_:U
L 0:a
L 1:c
L 2:b
bot$dom$isSelectable:Q
L 3:d
goog$userAgent$product$SAFARI:I
goog$iter$Iterator:L
goog$iter$StopIteration:K
goog$dom$TagIterator:M
bot$dom$BOOLEAN_PROPERTIES_:S
L 5:Z
goog$userAgent$product$IPHONE:E
L 4:e
opt_object$$inline_46:W
goog$userAgent$product$detectedChrome_:A
bot$dom$getAttribute:V
goog$dom$NodeIterator:O
parts$$inline_47:X
goog$userAgent$product$detectedIphone_:x
goog$userAgent$product$detectedIpad_:y
JSCompiler_StaticMethods_setPosition:N
goog$dom$getTextContent_:u
re$$inline_10:J
goog$asserts$AssertionError:q
JSCompiler_alias_NULL:g
goog$string$subs:l
goog$userAgent$product$CHROME:H
goog$userAgent$product$detectedFirefox_:v
goog$inherits:k
goog$global:i
bot$Error$NAMES_:o
goog$userAgent$product$IPAD:F
goog$userAgent$getUserAgentString:m
ua$$inline_7:C
goog$userAgent$product$CAMINO:D
bot$dom$getProperty:T
goog$array$indexOf:r
cur$$inline_48:Y
bot$dom$PROPERTY_ALIASES_:R
bot$Error:n
goog$userAgent$product$ANDROID:G
goog$dom$TAGS_TO_IGNORE_:s
goog$dom$PREDEFINED_TAG_VALUES_:t
goog$typeOf:j
bot$dom$isElement:P
