JSCompiler_alias_TRUE:d
goog$userAgent$product$detectedAndroid_:t
goog$asserts$AssertionError:n
JSCompiler_alias_FALSE:f
goog$debug$Error:m
re$$inline_13:E
goog$string$subs:i
goog$userAgent$product$CHROME:C
part$$inline_46:N
goog$userAgent$product$detectedCamino_:q
goog$inherits:h
goog$userAgent$product$detectedFirefox_:p
goog$userAgent$product$detectedSafari_:v
bot$dom$isEnabled:J
goog$global:g
bot$Error$NAMES_:l
goog$userAgent$product$IPAD:z
L 0:a
L 1:c
goog$userAgent$getUserAgentString:j
L 2:b
L 3:e
goog$userAgent$product$SAFARI:D
bot$dom$DISABLED_ATTRIBUTE_SUPPORTED_:I
goog$userAgent$product$CAMINO:x
bot$dom$BOOLEAN_PROPERTIES_:H
goog$dom$TagIterator:F
goog$userAgent$product$IPHONE:y
bot$dom$PROPERTY_ALIASES_:G
L 4:B
goog$userAgent$product$ANDROID:A
bot$Error:k
cur$$inline_45:M
goog$array$contains:o
goog$userAgent$product$detectedChrome_:u
opt_object$$inline_43:K
ua$$inline_10:w
goog$userAgent$product$detectedIphone_:r
goog$userAgent$product$detectedIpad_:s
parts$$inline_44:L
