JSCompiler_alias_TRUE:f
goog$userAgent$product$detectedAndroid_:x
goog$asserts$AssertionError:p
JSCompiler_alias_FALSE:g
goog$debug$Error:o
re$$inline_13:H
cur$$inline_50:P
goog$string$subs:k
goog$userAgent$product$CHROME:F
goog$userAgent$product$detectedCamino_:u
goog$inherits:i
goog$userAgent$product$detectedFirefox_:t
goog$userAgent$product$detectedSafari_:z
goog$global:h
bot$Error$NAMES_:n
goog$userAgent$product$IPAD:D
L 0:a
L 1:b
bot$dom$isSelectable:K
goog$userAgent$getUserAgentString:l
L 2:c
L 3:d
goog$userAgent$product$SAFARI:G
goog$userAgent$product$CAMINO:B
bot$dom$BOOLEAN_PROPERTIES_:M
goog$dom$TagIterator:I
L 6:R
goog$userAgent$product$IPHONE:C
L 5:j
bot$dom$PROPERTY_ALIASES_:L
L 4:e
goog$userAgent$product$ANDROID:E
bot$Error:m
goog$dom$TAGS_TO_IGNORE_:q
opt_object$$inline_48:N
goog$userAgent$product$detectedChrome_:y
ua$$inline_10:A
goog$dom$PREDEFINED_TAG_VALUES_:r
part$$inline_51:Q
parts$$inline_49:O
goog$userAgent$product$detectedIphone_:v
goog$userAgent$product$detectedIpad_:w
bot$dom$isElement:J
goog$dom$getTextContent_:s
