getStartNode:b
surroundWithNodes:U
currentIdx_:W
single:Ia
elements_:m
endOffset_:h
element_:t
isPressed:Y
browserRanges_:u
getDocument:fa
select_:S
compareBrowserRangeEndpoints:l
startCaretId_:Ja
pressed_:Ha
exception_:pa
range_:a
checkElement_:la
isLast:O
getContainer:B
parent_:Z
setLevel:va
level_:P
addAll:ba
isReversed_:H
touchIdentifier_:xa
startNode_:f
exceptionText_:oa
createDom:ea
logger_:Ea
getInstance:Ba
buttonPressed_:ka
startOffset_:i
endCaretId_:Aa
many:Ma
node:p
getEndOffset:k
gecko:e
getBrowserRangeObject:X
containsRange:v
DEFAULT_RESOLVER_:ya
clientXY2_:da
getBrowserEvent:qa
iterators_:I
bubbles_:L
type_:D
started_:ia
line:La
hasEverInteracted_:ta
clearCachedValues_:s
name_:Ga
superClass_:aa
__iterator__:r
parentNode_:Q
getType:ga
saveUsingDom:ha
numericKeyMap_:ua
getElement:C
cancelable_:M
children_:ca
browserRangeWrapper_:K
instance_:Da
reversed:o
getValues:N
getTextRange:z
getStartOffset:j
sortedRanges_:J
map_:n
ieWebkit:c
ranges_:R
msg_:Fa
svg:Na
evaluate_:na
sortedElements_:T
clientXY_:A
touchIdentifier2_:wa
isTrusted:Ka
getEndNode:g
constrained:za
handlers_:sa
version_:ja
endNode_:d
getWindow:ra
selectInternal:$
tagType:q
getTextRangeCount:F
dom_:ma
document_:w
container_:V
getLogRecord:Ca
isReversed:G
