getStartNode:b
surroundWithNodes:W
currentIdx_:Y
single:Ka
elements_:q
endOffset_:i
element_:m
isPressed:o
browserRanges_:w
getDocument:ia
select_:L
compareBrowserRangeEndpoints:p
shiftChar:Ja
startCaretId_:La
pressed_:la
exception_:ta
range_:a
checkElement_:pa
isLast:R
getContainer:F
parent_:$
setLevel:ya
level_:S
addAll:da
isReversed_:J
touchIdentifier_:Aa
startNode_:g
exceptionText_:sa
createDom:ga
logger_:Ga
getInstance:Ma
buttonPressed_:oa
startOffset_:j
endCaretId_:Da
many:Pa
node:s
getEndOffset:l
gecko:f
getBrowserRangeObject:Z
containsRange:z
DEFAULT_RESOLVER_:Ba
clientXY2_:fa
getBrowserEvent:ua
iterators_:K
bubbles_:O
type_:G
started_:na
editable_:ha
line:Oa
hasEverInteracted_:xa
clearCachedValues_:v
name_:Ia
character:C
superClass_:ba
__iterator__:u
parentNode_:T
getType:ja
saveUsingDom:ma
numericKeyMap_:ka
getElement:c
cancelable_:P
children_:ea
browserRangeWrapper_:N
instance_:Fa
reversed:r
getValues:Q
getTextRange:B
getStartOffset:k
sortedRanges_:M
map_:n
ieWebkit:d
ranges_:U
msg_:Ha
svg:Qa
evaluate_:ra
sortedElements_:V
clientXY_:D
touchIdentifier2_:za
isTrusted:Na
getEndNode:h
constrained:Ca
handlers_:wa
version_:ca
endNode_:e
getWindow:va
selectInternal:aa
tagType:t
getTextRangeCount:H
dom_:qa
document_:A
container_:X
getLogRecord:Ea
isReversed:I
