goog$dom$contains:F
goog$dom$AbstractRange$getBrowserSelectionForWindow:td
goog$isArrayLike:ba
goog$dom$findCommonAncestor:gb
goog$debug$fnNameCache_:hd
goog$dom$isNodeList:bb
goog$dom$selection$setText:Gc
goog$array$some:Na
goog$debug$getStacktraceHelper_:fd
goog$userAgent$product$detectedCamino_:pb
goog$dom$findNodes_:ib
goog$debug$LogManager$rootLogger_:pd
goog$isDef:r
bot$events$EventFactory_:Q
JSCompiler_StaticMethods_getBrowserRangeWrapper_:Y
goog$userAgent$detectedWindows_:ta
bot$userAgent$ANDROID_VERSION_:Ib
goog$string$uniqueStringCounter_:pa
goog$iter$StopIteration:K
parts$$inline_339:be
goog$dom$browserrange$WebKitRange:X
bot$events$EventType$SUBMIT:lc
goog$string$trim:ha
goog$dom$removeNode:cb
bot$events$EventType$MOUSEPIXELSCROLL:nc
goog$style$getStyle_:Nb
goog$debug$LogRecord$nextSequenceNumber_:jd
bot$events$EventType$MOUSEOVER:Ac
goog$dom$findNode:hb
re$$inline_64:J
goog$userAgent$product$detectedIphone_:qb
bot$dom$getOpacityNonIE_:ec
JSCompiler_get:n
JSCompiler_StaticMethods_setPosition:M
goog$UID_PROPERTY_:da
goog$style$getOffsetParent:Ob
bot$events$EventType$TEXTINPUT:tc
bot$events$fire:P
bot$events$EventType$MOUSEWHEEL:oc
goog$math$Vec2:Zd
goog$debug$LogRecord:id
arr$$inline_66:Eb
JSCompiler_StaticMethods_submitForm:kc
JSCompiler_StaticMethods_getEndpointNode_:Id
bot$Keyboard$MODIFIERS:Yc
goog$dom$AbstractMultiRange:xd
bot$Keyboard$Keys$LEFT:Uc
goog$string$toCamelCase:ra
bot$Error$NAMES_:Fa
bot$Keyboard$CHAR_TO_KEY_:Nc
JSCompiler_returnArg:o
goog$string$quotRe_:na
goog$dom$Range$isReversed:Dd
bot$window_:Ca
bot$dom$getProperty:Tb
match$$inline_69:Hb
goog$dom$TAGS_TO_IGNORE_:jb
goog$dom$ControlRange:Od
goog$typeOf:aa
version$$inline_27:za
goog$dom$browserrange$IeRange:Fd
goog$dom$classes$add:Ua
bot$events$EventType$KEYPRESS:qc
goog$dom$DomHelper:Xa
goog$userAgent$product$detectedAndroid_:sb
goog$dom$browserrange$GeckoRange:Ed
goog$dom$setProperties:Ya
bot$Device$isForm_:jc
bot$dom$BOOLEAN_ATTRIBUTES_:Ub
goog$array$every:Oa
goog$string$amperRe_:ka
bot$Device:O
bot$events$EventType$DBLCLICK:wc
goog$dom$AbstractRange:sd
bot$Keyboard$newKey_:T
JSCompiler_StaticMethods_pressKey:Zc
bot$Keyboard$Keys$CONTROL:Sc
JSCompiler_StaticMethods_getChar_:bd
JSCompiler_prototypeAlias:p
goog$debug$Logger:U
goog$dom$NodeIterator:Lb
goog$userAgent$VERSION:ya
goog$isObject:ca
bot$dom$isShown:dc
bot$Keyboard:Mc
JSCompiler_alias_VOID:h
bot$events$EventType$MOUSEOUT:zc
goog$asserts$AssertionError:Ha
JSCompiler_alias_NULL:k
bot$events$EventType$CONTEXTMENU:vc
part$$inline_341:de
goog$array$find:Pa
goog$userAgent$product$CHROME:zb
goog$structs$Set$getKey_:Lc
bot$events$EventType$MOUSEUP:Bc
goog$uidCounter_:ea
JSCompiler_StaticMethods_setElement:fc
arr$$inline_28:Aa
L 13:ee
L 14:fe
bot$Touchscreen:Yd
JSCompiler_StaticMethods_releaseKey:cd
L 11:w
goog$dom$ControlRangeIterator:Qd
L 12:x
goog$userAgent$product$IPAD:xb
JSCompiler_StaticMethods_getSortedElements:Pd
L 10:I
goog$userAgent$detectedMac_:sa
JSCompiler_StaticMethods_moveCursor:dd
goog$structs$Map:Ic
L 15:ce
goog$dom$DIRECT_ATTRIBUTE_MAP_:Za
bot$locators$xpath:G
bot$dom$isTextual:Yb
version$$inline_63:Cb
bot$dom$PROPERTY_ALIASES_:Rb
goog$userAgent$product$ANDROID:yb
JSCompiler_inline_result$$68:Gb
goog$dom$compareNodeOrder:db
goog$array$clone:Ra
goog$dom$compareSiblingOrder_:eb
bot$Keyboard$Keys$ENTER:Qc
JSCompiler_StaticMethods_getElements:Md
goog$dom$RangeIterator:V
bot$Keyboard$Keys$ALT:Tc
goog$dom$SavedRange:rd
JSCompiler_alias_THROW:g
goog$string$allRe_:ja
combine$$inline_65:Db
bot$events$EventType$MOUSEDOWN:xc
JSCompiler_alias_FALSE:m
goog$dom$getAncestor:mb
goog$debug$Error:Ga
goog$dom$MultiRangeIterator:Ud
bot$Keyboard$Keys$BACKSPACE:Pc
bot$Keyboard$Keys$META:Xc
goog$userAgent$product$VERSION:Bb
bot$Keyboard$Keys$SHIFT:Rc
JSCompiler_StaticMethods_getSortedRanges:Td
bot$Keyboard$Keys$DELETE:Wc
bot$events$EventType$MOUSEMOVE:yc
L 0:a
bot$events$EventType$KEYUP:Dc
L 1:b
L 2:c
L 3:d
goog$isString:u
goog$userAgent$product$SAFARI:Ab
goog$array$forEach:La
goog$dom$getOwnerDocument:E
JSCompiler_StaticMethods_fireKeyEvent_:$c
L 9:t
L 8:s
goog$dom$TagIterator:L
goog$dom$selection$useSelectionProperties_:S
bot$dom$BOOLEAN_PROPERTIES_:Sb
L 7:l
L 6:j
L 5:f
bot$Keyboard$Key:Oc
L 4:e
goog$dom$append_:ab
JSCompiler_StaticMethods_getKeys:Jc
bot$action$LegacyDevice_:$d
JSCompiler_StaticMethods_getTextRanges:ud
goog$userAgent$product$detectedChrome_:tb
bot$Keyboard$Keys$RIGHT:Vc
goog$iter$toIterator:Kb
goog$dom$DomSavedMultiRange_:Vd
bot$events$BROKEN_TOUCH_API_:mc
buttonValueMap$$inline_240:Z
goog$style$getClientPosition:Pb
goog$asserts$assert:Ia
bot$events$EventType$TOUCHSTART:hc
goog$dom$browserrange$W3cRange:Ad
goog$dom$DomSavedTextRange_:Nd
goog$dom$browserrange$AbstractRange:zd
goog$string$subs:ga
opt_object$$inline_338:ae
bot$dom$getParentElement:$b
goog$inherits:y
goog$debug$Logger$Level$CONFIG:md
bot$events$EventType$TOUCHMOVE:ic
goog$string$htmlEscape:ia
goog$object$getValues:Ea
goog$dom$Range$createFromBrowserSelection:Bd
goog$debug$getStacktrace:ed
JSCompiler_StaticMethods_fireMouseEvent_:Xd
goog$userAgent$getUserAgentString:ua
JSCompiler_StaticMethods_getOffset_:Jd
goog$debug$getFunctionName:gd
goog$debug$Logger$Level$WARNING:ld
navigator$$inline_24:wa
goog$style$getSizeWithDisplay_:Qb
bot$dom$getCascadedStyle_:bc
bot$Mouse:Wd
bot$Error:z
goog$object$forEach:Da
bot$dom$TEXTUAL_INPUT_TYPES_:Xb
goog$dom$PREDEFINED_TAG_VALUES_:kb
goog$dom$getDomHelper:Wa
JSCompiler_StaticMethods_fireTouchEvent:gc
goog$dom$browserrange$canContainRangeEndpoint:W
goog$dom$browserrange$OperaRange:Ld
bot$dom$isElement:N
bot$events$KeyboardEventFactory_:pc
goog$structs$Set:Kc
JSCompiler_alias_TRUE:i
bot$events$EventType$CLICK:uc
goog$userAgent$isVersionCache_:Ba
ua$$inline_61:H
goog$dom$browserrange$IeRange$insertNode_:Kd
goog$dom$NodeType$TEXT:D
goog$dom$browserrange$WebKitRange$createFromNodeContents:wd
goog$array$concat:Qa
goog$string$gtRe_:ma
goog$userAgent$product$detectedSafari_:ub
bot$dom$isEnabled:Wb
goog$debug$Logger$Level:kd
goog$style$getComputedStyle:Mb
goog$dom$compareParentsDescendantNodeIe_:fb
goog$iter$Iterator:Jb
bot$userAgent$IOS:Fb
goog$userAgent$product$IPHONE:wb
goog$asserts$fail:Ja
bot$dom$getElementSize_:cc
goog$dom$TextRangeIterator:yd
goog$structs$getValues:Hc
goog$debug$LogManager$loggers_:od
goog$string$compareVersions:oa
goog$dom$TextRange:Cd
goog$math$Coordinate:C
goog$dom$MultiRange:Sd
goog$now:fa
goog$string$toCamelCaseCache_:qa
goog$dom$DomSavedControlRange_:Rd
goog$array$map:Ma
goog$dom$selection$setCursorPosition:Fc
goog$userAgent$product$detectedIpad_:rb
goog$dom$getTextContent_:lb
bot$dom$getEffectiveStyle:ac
JSCompiler_StaticMethods_findDeepestContainer_:Hd
bot$events$EventType$KEYDOWN:Cc
JSCompiler_StaticMethods_getEffectiveLevel:nd
bot$events$MouseEventFactory_:R
goog$dom$selection$getEndPoints_:Ec
bot$dom$isContentEditable:Zb
goog$dom$TextRange$createFromBrowserRangeWrapper_:vd
goog$userAgent$product$detectedFirefox_:ob
goog$global:q
goog$array$ARRAY_PROTOTYPE_:Ka
cur$$inline_340:$
goog$userAgent$LINUX:xa
JSCompiler_StaticMethods_getDocumentScroll:nb
bot$dom$DISABLED_ATTRIBUTE_SUPPORTED_:Vb
goog$userAgent$product$CAMINO:vb
goog$dom$browserrange$IeRange$getBrowserRangeForNode_:Gd
goog$debug$LogManager$getLogger:qd
goog$dom$defaultDomHelper_:Ta
goog$array$indexOf:B
goog$isFunction:v
bot$events$TouchEventFactory_:rc
goog$array$slice:Sa
goog$string$ltRe_:la
goog$dom$getWindow:$a
bot$events$EventType$INPUT:sc
goog$array$peek:A
goog$math$Size:Va
goog$userAgent$PLATFORM:va
JSCompiler_StaticMethods_maybeSubmitForm_:ad
